<?xml version="1.0" encoding="UTF-8"?>
<!-- Generated by org.testng.reporters.JUnitXMLReporter -->
<testsuite hostname="ARPGL001495" ignored="0" name="Test" tests="4" failures="2" timestamp="2021-07-05T22:52:29 IST" time="27.543" errors="0">
  <testcase name="basePageNavigation" time="3.144" classname="test_package.Home_1"/>
  <testcase name="basePageNavigation" time="1.725" classname="test_package.Home_1"/>
  <testcase name="basePageNavigation" time="2.684" classname="test_package.Home_2">
    <failure type="java.lang.AssertionError" message="expected [Insta] but found [Instagram]">
      <![CDATA[java.lang.AssertionError: expected [Insta] but found [Instagram]
at test_package.Home_2.basePageNavigation(Home_2.java:47)
at java.util.ArrayList.forEach(Unknown Source)
... Removed 33 stack frames]]>
    </failure>
  </testcase> <!-- basePageNavigation -->
  <testcase name="basePageNavigation" time="1.666" classname="test_package.Home_2">
    <failure type="java.lang.AssertionError" message="expected [Insta] but found [Instagram]">
      <![CDATA[java.lang.AssertionError: expected [Insta] but found [Instagram]
at test_package.Home_2.basePageNavigation(Home_2.java:47)
at java.util.ArrayList.forEach(Unknown Source)
... Removed 33 stack frames]]>
    </failure>
  </testcase> <!-- basePageNavigation -->
</testsuite> <!-- Test -->
